<?xml version="1.0" encoding="UTF-8"?>
<testsuite xmlns:xsi="http://www.w3.org/2001/XMLSchema-instance" xsi:noNamespaceSchemaLocation="https://maven.apache.org/surefire/maven-surefire-plugin/xsd/surefire-test-report-3.0.xsd" version="3.0" name="com.wallet.WalletTest" time="0.154" tests="10" errors="0" skipped="0" failures="0">
  <properties>
[...]
</properties>
  <testcase name="testWithdrawValidAmount" classname="com.wallet.WalletTest" time="0.079"/>
  <testcase name="testWithdrawZeroAmountThrowsException" classname="com.wallet.WalletTest" time="0.005"/>
  <testcase name="testNegativeInitialBalanceThrowsException" classname="com.wallet.WalletTest" time="0.003"/>
  <testcase name="testWithdrawInsufficientFundsThrowsException" classname="com.wallet.WalletTest" time="0.003"/>
  <testcase name="testInitialBalance" classname="com.wallet.WalletTest" time="0"/>
  <testcase name="testDepositPositiveAmount" classname="com.wallet.WalletTest" time="0.001"/>
  <testcase name="testDepositNegativeAmountThrowsException" classname="com.wallet.WalletTest" time="0"/>
  <testcase name="testDepositZeroAmountThrowsException" classname="com.wallet.WalletTest" time="0.003"/>
  <testcase name="testMultipleTransactions" classname="com.wallet.WalletTest" time="0.002"/>
  <testcase name="testWithdrawNegativeAmountThrowsException" classname="com.wallet.WalletTest" time="0.002"/>
</testsuite>